2024-09-13 16:43:25,331 - INFO - Logger initialized
2024-09-13 17:03:46,048 - INFO - Logger initialized
2024-09-13 17:03:50,211 - INFO - Key pressed: down
2024-09-13 17:03:50,897 - INFO - Key pressed: left
2024-09-13 17:03:51,594 - INFO - Key pressed: up
2024-09-13 17:03:52,664 - INFO - Key pressed: down
2024-09-13 17:03:53,480 - INFO - Key pressed: right
2024-09-13 17:03:53,975 - INFO - Key pressed: up
2024-09-13 17:03:54,435 - INFO - Key pressed: left
2024-09-13 17:03:55,369 - INFO - Key pressed: left meta
2024-09-13 17:03:55,580 - INFO - Key pressed: w
2024-09-13 17:03:55,580 - INFO - Game quit by user.
2024-09-13 17:06:39,650 - INFO - Logger initialized
2024-09-13 17:06:41,384 - INFO - Key pressed: up
2024-09-13 17:06:42,239 - INFO - Key pressed: left
2024-09-13 17:06:42,835 - INFO - Key pressed: down
2024-09-13 17:06:43,314 - INFO - Key pressed: up
2024-09-13 17:06:43,923 - INFO - Key pressed: left meta
2024-09-13 17:06:44,167 - INFO - Key pressed: w
2024-09-13 17:06:44,167 - INFO - Game quit by user.
2024-09-13 17:10:22,052 - INFO - Logger initialized
2024-09-13 17:10:23,099 - INFO - Key pressed: up
2024-09-13 17:10:25,364 - INFO - Key pressed: left meta
2024-09-13 17:10:25,644 - INFO - Key pressed: w
2024-09-13 17:10:25,645 - INFO - Game quit by user.
2024-09-13 17:11:34,188 - INFO - Logger initialized
2024-09-13 17:11:35,720 - INFO - Key pressed: up
2024-09-13 17:11:37,378 - INFO - Key pressed: down
2024-09-13 17:11:38,534 - INFO - Key pressed: left
2024-09-13 17:11:39,045 - INFO - Key pressed: up
2024-09-13 17:11:39,640 - INFO - Key pressed: right
2024-09-13 17:11:40,062 - INFO - Key pressed: down
2024-09-13 17:11:40,907 - INFO - Key pressed: left
2024-09-13 17:11:41,623 - INFO - Key pressed: up
2024-09-13 17:11:42,868 - INFO - Key pressed: right
2024-09-13 17:11:44,330 - INFO - Key pressed: down
2024-09-13 17:11:45,025 - INFO - Key pressed: left
2024-09-13 17:11:45,534 - INFO - Key pressed: up
2024-09-13 17:11:45,912 - INFO - Key pressed: right
2024-09-13 17:11:46,309 - INFO - Key pressed: down
2024-09-13 17:11:46,668 - INFO - Key pressed: left
2024-09-13 17:11:46,961 - INFO - Key pressed: up
2024-09-13 17:11:47,284 - INFO - Key pressed: down
2024-09-13 17:11:47,557 - INFO - Key pressed: down
2024-09-13 17:11:47,967 - INFO - Key pressed: up
2024-09-13 17:11:48,724 - INFO - Key pressed: left
2024-09-13 17:11:49,145 - INFO - Key pressed: right
2024-09-13 17:11:49,436 - INFO - Key pressed: down
2024-09-13 17:11:50,144 - INFO - Key pressed: left
2024-09-13 17:11:50,507 - INFO - Key pressed: right
2024-09-13 17:11:50,920 - INFO - Key pressed: up
2024-09-13 17:11:51,364 - INFO - Key pressed: down
2024-09-13 17:11:51,920 - INFO - Key pressed: left
2024-09-13 17:11:52,362 - INFO - Key pressed: right
2024-09-13 17:11:52,873 - INFO - Key pressed: down
2024-09-13 17:11:53,454 - INFO - Key pressed: up
2024-09-13 17:11:53,879 - INFO - Key pressed: left
2024-09-13 17:11:54,182 - INFO - Key pressed: up
2024-09-13 17:11:54,516 - INFO - Key pressed: down
2024-09-13 17:11:54,912 - INFO - Key pressed: down
2024-09-13 17:11:55,265 - INFO - Key pressed: up
2024-09-13 17:11:55,739 - INFO - Key pressed: down
2024-09-13 17:11:56,163 - INFO - Key pressed: right
2024-09-13 17:11:56,607 - INFO - Key pressed: down
2024-09-13 17:11:56,998 - INFO - Key pressed: left
2024-09-13 17:11:57,312 - INFO - Key pressed: right
2024-09-13 17:11:57,875 - INFO - Key pressed: down
2024-09-13 17:11:58,210 - INFO - Key pressed: down
2024-09-13 17:11:58,715 - INFO - Key pressed: up
2024-09-13 17:11:59,081 - INFO - Key pressed: up
2024-09-13 17:11:59,429 - INFO - Key pressed: left
2024-09-13 17:11:59,974 - INFO - Key pressed: right
2024-09-13 17:12:00,427 - INFO - Key pressed: down
2024-09-13 17:17:01,380 - INFO - Logger initialized
2024-09-13 17:17:37,179 - INFO - Logger initialized
2024-09-13 17:17:38,977 - INFO - Key pressed: up
2024-09-13 17:17:40,137 - INFO - Key pressed: left meta
2024-09-13 17:17:40,381 - INFO - Key pressed: w
2024-09-13 17:17:40,382 - INFO - Game quit by user.
2024-09-13 17:22:00,009 - INFO - Logger initialized
2024-09-13 17:22:01,333 - INFO - Key pressed: down
2024-09-13 17:22:03,161 - INFO - Key pressed: left
2024-09-13 17:22:04,217 - INFO - Key pressed: up
2024-09-13 17:22:05,692 - INFO - Key pressed: right
2024-09-13 17:22:06,339 - INFO - Key pressed: down
2024-09-13 17:22:07,123 - INFO - Key pressed: left
2024-09-13 17:22:07,794 - INFO - Key pressed: up
2024-09-13 17:22:08,381 - INFO - Key pressed: down
2024-09-13 17:22:08,935 - INFO - Key pressed: down
2024-09-13 17:22:09,487 - INFO - Key pressed: left
2024-09-13 17:22:09,827 - INFO - Key pressed: left
2024-09-13 17:22:10,201 - INFO - Key pressed: left
2024-09-13 17:22:10,501 - INFO - Key pressed: left
2024-09-13 17:22:10,912 - INFO - Key pressed: down
2024-09-13 17:22:11,322 - INFO - Key pressed: down
2024-09-13 17:22:11,949 - INFO - Key pressed: left meta
2024-09-13 17:22:12,854 - INFO - Key pressed: w
2024-09-13 17:22:12,855 - INFO - Game quit by user.
2024-09-13 17:26:05,028 - INFO - Logger initialized
2024-09-13 17:32:32,754 - INFO - Logger initialized
2024-09-13 17:33:17,533 - INFO - Logger initialized
2024-09-13 17:33:18,042 - INFO - Event: <Event(4352-AudioDeviceAdded {'which': 0, 'iscapture': 1})>
2024-09-13 17:33:18,042 - INFO - Event: <Event(4352-AudioDeviceAdded {'which': 1, 'iscapture': 1})>
2024-09-13 17:33:18,043 - INFO - Event: <Event(4352-AudioDeviceAdded {'which': 2, 'iscapture': 1})>
2024-09-13 17:33:18,043 - INFO - Event: <Event(4352-AudioDeviceAdded {'which': 3, 'iscapture': 1})>
2024-09-13 17:33:18,043 - INFO - Event: <Event(4352-AudioDeviceAdded {'which': 4, 'iscapture': 1})>
2024-09-13 17:33:18,043 - INFO - Event: <Event(4352-AudioDeviceAdded {'which': 0, 'iscapture': 0})>
2024-09-13 17:33:18,043 - INFO - Event: <Event(4352-AudioDeviceAdded {'which': 1, 'iscapture': 0})>
2024-09-13 17:33:18,043 - INFO - Event: <Event(4352-AudioDeviceAdded {'which': 2, 'iscapture': 0})>
2024-09-13 17:33:18,043 - INFO - Event: <Event(4352-AudioDeviceAdded {'which': 3, 'iscapture': 0})>
2024-09-13 17:33:18,043 - INFO - Event: <Event(32774-WindowShown {'window': None})>
2024-09-13 17:33:18,043 - INFO - Event: <Event(32770-VideoExpose {})>
2024-09-13 17:33:18,043 - INFO - Event: <Event(32776-WindowExposed {'window': None})>
2024-09-13 17:33:18,043 - INFO - Event: <Event(32768-ActiveEvent {'gain': 1, 'state': 2})>
2024-09-13 17:33:18,043 - INFO - Event: <Event(32785-WindowFocusGained {'window': None})>
2024-09-13 17:33:18,043 - INFO - Event: <Event(32768-ActiveEvent {'gain': 1, 'state': 1})>
2024-09-13 17:33:18,043 - INFO - Event: <Event(32783-WindowEnter {'window': None})>
2024-09-13 17:33:18,044 - INFO - Event: <Event(1024-MouseMotion {'pos': (80, 112), 'rel': (0, 0), 'buttons': (0, 0, 0), 'touch': False, 'window': None})>
2024-09-13 17:33:18,838 - INFO - Event: <Event(768-KeyDown {'unicode': '', 'key': 1073741906, 'mod': 0, 'scancode': 82, 'window': None})>
2024-09-13 17:33:18,961 - INFO - Event: <Event(769-KeyUp {'unicode': '', 'key': 1073741906, 'mod': 0, 'scancode': 82, 'window': None})>
2024-09-13 17:33:19,926 - INFO - Event: <Event(768-KeyDown {'unicode': '', 'key': 1073741904, 'mod': 0, 'scancode': 80, 'window': None})>
2024-09-13 17:33:20,096 - INFO - Event: <Event(769-KeyUp {'unicode': '', 'key': 1073741904, 'mod': 0, 'scancode': 80, 'window': None})>
2024-09-13 17:33:20,745 - INFO - Event: <Event(768-KeyDown {'unicode': '', 'key': 1073741905, 'mod': 0, 'scancode': 81, 'window': None})>
2024-09-13 17:33:20,982 - INFO - Event: <Event(769-KeyUp {'unicode': '', 'key': 1073741905, 'mod': 0, 'scancode': 81, 'window': None})>
2024-09-13 17:33:21,713 - INFO - Event: <Event(768-KeyDown {'unicode': '', 'key': 1073741903, 'mod': 0, 'scancode': 79, 'window': None})>
2024-09-13 17:33:21,933 - INFO - Event: <Event(769-KeyUp {'unicode': '', 'key': 1073741903, 'mod': 0, 'scancode': 79, 'window': None})>
2024-09-13 17:33:22,357 - INFO - Event: <Event(768-KeyDown {'unicode': '', 'key': 1073741906, 'mod': 0, 'scancode': 82, 'window': None})>
2024-09-13 17:33:22,646 - INFO - Event: <Event(769-KeyUp {'unicode': '', 'key': 1073741906, 'mod': 0, 'scancode': 82, 'window': None})>
2024-09-13 17:33:23,514 - INFO - Event: <Event(768-KeyDown {'unicode': '', 'key': 1073741904, 'mod': 0, 'scancode': 80, 'window': None})>
2024-09-13 17:33:23,752 - INFO - Event: <Event(769-KeyUp {'unicode': '', 'key': 1073741904, 'mod': 0, 'scancode': 80, 'window': None})>
2024-09-13 17:33:25,338 - INFO - Event: <Event(768-KeyDown {'unicode': '', 'key': 1073741903, 'mod': 0, 'scancode': 79, 'window': None})>
2024-09-13 17:33:25,541 - INFO - Event: <Event(769-KeyUp {'unicode': '', 'key': 1073741903, 'mod': 0, 'scancode': 79, 'window': None})>
2024-09-13 17:33:26,273 - INFO - Event: <Event(768-KeyDown {'unicode': '', 'key': 1073741904, 'mod': 0, 'scancode': 80, 'window': None})>
2024-09-13 17:33:26,457 - INFO - Event: <Event(769-KeyUp {'unicode': '', 'key': 1073741904, 'mod': 0, 'scancode': 80, 'window': None})>
2024-09-13 17:33:26,983 - INFO - Event: <Event(768-KeyDown {'unicode': '', 'key': 1073741906, 'mod': 0, 'scancode': 82, 'window': None})>
2024-09-13 17:33:27,186 - INFO - Event: <Event(769-KeyUp {'unicode': '', 'key': 1073741906, 'mod': 0, 'scancode': 82, 'window': None})>
2024-09-13 17:33:27,854 - INFO - Event: <Event(768-KeyDown {'unicode': '', 'key': 1073742051, 'mod': 1024, 'scancode': 227, 'window': None})>
2024-09-13 17:33:28,077 - INFO - Event: <Event(768-KeyDown {'unicode': 'w', 'key': 119, 'mod': 1024, 'scancode': 26, 'window': None})>
2024-09-13 17:33:28,077 - INFO - Event: <Event(32787-WindowClose {'window': None})>
2024-09-13 17:33:28,077 - INFO - Event: <Event(256-Quit {})>
2024-09-13 17:33:28,077 - INFO - Game quit by user.
